0 info it worked if it ends with ok
1 verbose cli [ '/usr/local/bin/node',
1 verbose cli   '/usr/local/bin/npm',
1 verbose cli   'install',
1 verbose cli   'grunt-css' ]
2 info using npm@1.1.59
3 info using node@v0.8.8
4 verbose read json /mnt/share/source/bseth99/jquery-ui/package.json
5 verbose read json /mnt/share/source/bseth99/jquery-ui/node_modules/grunt-css/package.json
6 verbose read json /mnt/share/source/bseth99/jquery-ui/node_modules/grunt-git-authors/package.json
7 verbose read json /mnt/share/source/bseth99/jquery-ui/node_modules/grunt-html/package.json
8 verbose read json /mnt/share/source/bseth99/jquery-ui/node_modules/rimraf/package.json
9 verbose read json /mnt/share/source/bseth99/jquery-ui/node_modules/testswarm/package.json
10 verbose from cache /mnt/share/source/bseth99/jquery-ui/package.json
11 verbose readDependencies using package.json deps
12 verbose cache add [ 'grunt-css', null ]
13 silly cache add name=undefined spec="grunt-css" args=["grunt-css",null]
14 verbose parsed url { pathname: 'grunt-css', path: 'grunt-css', href: 'grunt-css' }
15 silly lockFile 1529a5df-grunt-css grunt-css
16 verbose lock grunt-css /home/vmuser/.npm/1529a5df-grunt-css.lock
17 silly lockFile 1529a5df-grunt-css grunt-css
18 verbose addNamed [ 'grunt-css', '' ]
19 verbose addNamed [ null, '' ]
20 silly lockFile acdbd44b-grunt-css grunt-css@
21 verbose lock grunt-css@ /home/vmuser/.npm/acdbd44b-grunt-css.lock
22 silly addNameRange { name: 'grunt-css', range: '', hasData: false }
23 verbose url raw grunt-css
24 verbose url resolving [ 'https://registry.npmjs.org/', './grunt-css' ]
25 verbose url resolved https://registry.npmjs.org/grunt-css
26 info retry registry request attempt 1 at 15:37:56
27 verbose etag "3S8YKNWDWZDPF3XBPPBTR5KTO"
28 http GET https://registry.npmjs.org/grunt-css
29 http 304 https://registry.npmjs.org/grunt-css
30 silly registry.get cb [ 304,
30 silly registry.get   { server: 'CouchDB/1.2.0 (Erlang OTP/R15B)',
30 silly registry.get     etag: '"3S8YKNWDWZDPF3XBPPBTR5KTO"',
30 silly registry.get     date: 'Fri, 19 Oct 2012 19:37:56 GMT',
30 silly registry.get     'content-length': '0' } ]
31 verbose etag grunt-css from cache
32 silly addNameRange number 2 { name: 'grunt-css', range: '', hasData: true }
33 silly addNameRange versions [ 'grunt-css',
33 silly addNameRange   [ '0.1.0',
33 silly addNameRange     '0.1.1',
33 silly addNameRange     '0.1.2',
33 silly addNameRange     '0.1.3',
33 silly addNameRange     '0.2.0',
33 silly addNameRange     '0.2.1',
33 silly addNameRange     '0.3.0',
33 silly addNameRange     '0.3.1' ] ]
34 verbose addNamed [ 'grunt-css', '0.3.1' ]
35 verbose addNamed [ '0.3.1', '0.3.1' ]
36 silly lockFile d56ec5fe-grunt-css-0-3-1 grunt-css@0.3.1
37 verbose lock grunt-css@0.3.1 /home/vmuser/.npm/d56ec5fe-grunt-css-0-3-1.lock
38 verbose read json /home/vmuser/.npm/grunt-css/0.3.1/package/package.json
39 silly lockFile d56ec5fe-grunt-css-0-3-1 grunt-css@0.3.1
40 silly lockFile acdbd44b-grunt-css grunt-css@
41 silly resolved [ { name: 'grunt-css',
41 silly resolved     description: 'Grunt plugin for linting and minifying CSS',
41 silly resolved     version: '0.3.1',
41 silly resolved     homepage: 'https://github.com/jzaefferer/grunt-css',
41 silly resolved     author: { name: 'Jörn Zaefferer', email: 'joern.zaefferer@gmail.com' },
41 silly resolved     repository:
41 silly resolved      { type: 'git',
41 silly resolved        url: 'git://github.com/jzaefferer/grunt-css.git' },
41 silly resolved     bugs: { url: 'https://github.com/jzaefferer/grunt-css/issues' },
41 silly resolved     licenses: [ [Object] ],
41 silly resolved     main: 'tasks/grunt-css',
41 silly resolved     engines: { node: '>=0.6.0' },
41 silly resolved     scripts: { test: 'grunt test' },
41 silly resolved     dependencies: { sqwish: '0.2.x', csslint: '0.9.x', 'gzip-js': '0.3.1' },
41 silly resolved     devDependencies: { grunt: '0.3.x' },
41 silly resolved     keywords: [ 'gruntplugin' ],
41 silly resolved     readme: '# grunt-css\n\n[Grunt](https://github.com/cowboy/grunt) plugin for linting and minifying CSS\n\n## Getting Started\n\nInstall the module with: `npm install grunt-css`\n\nThen load it from your own `grunt.js` file:\n\n```js\ngrunt.loadNpmTasks(\'grunt-css\');\n```\n\n## Documentation\n\nThis plugin provides two tasks: `cssmin` and `csslint`. Both area [multi tasks][types_of_tasks], meaning that grunt will automatically iterate over all `cssmin` and `csslint` targets if a target is not specified.\n\n[types_of_tasks]: https://github.com/cowboy/grunt/blob/master/docs/types_of_tasks.md\n\n### cssmin\n\nThis works just like the [built-in `min` task, so check docs for that](https://github.com/cowboy/grunt/blob/master/docs/task_min.md).\n\n### csslint\n\nThis is similar to the built-in lint task, though the configuration is different. Here\'s an example:\n\n```js\ncsslint: {\n\tbase_theme: {\n\t\tsrc: "themes/base/*.css",\n\t\trules: {\n\t\t\t"import": false,\n\t\t\t"overqualified-elements": 2\n\t\t}\n\t}\n}\n```\n\n`src` specifies the files to lint, `rules` the rules to apply. A value of `false` ignores the rule, a value of `2` will set it to become an error. Otherwise all rules are considered warnings.\n\nFor the current csslint version, these rules are available:\n\n\timport\n\tadjoining-classes\n\timportant\n\tbox-sizing\n\tbox-model\n\tknown-properties\n\tduplicate-background-images\n\tcompatible-vendor-prefixes\n\tdisplay-property-grouping\n\toverqualified-elements\n\tfallback-colors\n\tduplicate-properties\n\tempty-rules\n\terrors\n\trules-count\n\tids\n\tfont-sizes\n\tfont-faces\n\tgradients\n\tfloats\n\toutline-none\n\tqualified-headings\n\tregex-selectors\n\tshorthand\n\ttext-indent\n\tunique-headings\n\tuniversal-selector\n\tunqualified-attributes\n\tvendor-prefix\n\tzero-units\n\nFor an explanation of those rules, [check the csslint wiki](https://github.com/stubbornella/csslint/wiki/Rules).\n\n*Side note: To update this list, run this:*\n\n```bash\nnode -e "require(\'csslint\').CSSLint.getRules().forEach(function(x) { console.log(x.id) })"\n```\n\n## Contributing\n\nPlease use the issue tracker and pull requests.\n\n## License\nCopyright (c) 2012 Jörn Zaefferer\nLicensed under the MIT license.\n',
41 silly resolved     _id: 'grunt-css@0.3.1',
41 silly resolved     _from: 'grunt-css' } ]
42 info install grunt-css@0.3.1 into /mnt/share/source/bseth99/jquery-ui
43 info installOne grunt-css@0.3.1
44 verbose from cache /home/vmuser/.npm/grunt-css/0.3.1/package/package.json
45 info /mnt/share/source/bseth99/jquery-ui/node_modules/grunt-css unbuild
46 verbose read json /mnt/share/source/bseth99/jquery-ui/node_modules/grunt-css/package.json
47 verbose tar unpack /home/vmuser/.npm/grunt-css/0.3.1/package.tgz
48 silly lockFile 701b6abc-jquery-ui-node-modules-grunt-css /mnt/share/source/bseth99/jquery-ui/node_modules/grunt-css
49 verbose lock /mnt/share/source/bseth99/jquery-ui/node_modules/grunt-css /home/vmuser/.npm/701b6abc-jquery-ui-node-modules-grunt-css.lock
50 silly gunzTarPerm modes [ '777', '666' ]
51 silly gunzTarPerm extractEntry package.json
52 silly gunzTarPerm extractEntry .npmignore
53 silly gunzTarPerm extractEntry README.md
54 silly gunzTarPerm extractEntry grunt.js
55 silly gunzTarPerm extractEntry tasks/grunt-css.js
56 silly gunzTarPerm extractEntry test/grunt-css_test.js
57 silly gunzTarPerm extractEntry test/empty.css
58 silly gunzTarPerm extractEntry test/invalid.css
59 silly gunzTarPerm extractEntry test/valid.css
60 silly gunzTarPerm extractEntry LICENSE-MIT
61 verbose read json /mnt/share/source/bseth99/jquery-ui/node_modules/grunt-css/package.json
62 silly lockFile 701b6abc-jquery-ui-node-modules-grunt-css /mnt/share/source/bseth99/jquery-ui/node_modules/grunt-css
63 info preinstall grunt-css@0.3.1
64 verbose from cache /mnt/share/source/bseth99/jquery-ui/node_modules/grunt-css/package.json
65 verbose readDependencies using package.json deps
66 verbose from cache /mnt/share/source/bseth99/jquery-ui/node_modules/grunt-css/package.json
67 verbose readDependencies using package.json deps
68 verbose cache add [ 'sqwish@0.2.x', null ]
69 silly cache add name=undefined spec="sqwish@0.2.x" args=["sqwish@0.2.x",null]
70 verbose parsed url { pathname: 'sqwish@0.2.x',
70 verbose parsed url   path: 'sqwish@0.2.x',
70 verbose parsed url   href: 'sqwish@0.2.x' }
71 silly cache add name="sqwish" spec="0.2.x" args=["sqwish","0.2.x"]
72 verbose parsed url { pathname: '0.2.x', path: '0.2.x', href: '0.2.x' }
73 verbose addNamed [ 'sqwish', '0.2.x' ]
74 verbose addNamed [ null, '>=0.2.0- <0.3.0-' ]
75 silly lockFile c6db44a7-sqwish-0-2-x sqwish@0.2.x
76 verbose lock sqwish@0.2.x /home/vmuser/.npm/c6db44a7-sqwish-0-2-x.lock
77 verbose cache add [ 'csslint@0.9.x', null ]
78 silly cache add name=undefined spec="csslint@0.9.x" args=["csslint@0.9.x",null]
79 verbose parsed url { pathname: 'csslint@0.9.x',
79 verbose parsed url   path: 'csslint@0.9.x',
79 verbose parsed url   href: 'csslint@0.9.x' }
80 silly cache add name="csslint" spec="0.9.x" args=["csslint","0.9.x"]
81 verbose parsed url { pathname: '0.9.x', path: '0.9.x', href: '0.9.x' }
82 verbose addNamed [ 'csslint', '0.9.x' ]
83 verbose addNamed [ null, '>=0.9.0- <0.10.0-' ]
84 silly lockFile 612ad65d-csslint-0-9-x csslint@0.9.x
85 verbose lock csslint@0.9.x /home/vmuser/.npm/612ad65d-csslint-0-9-x.lock
86 verbose cache add [ 'gzip-js@0.3.1', null ]
87 silly cache add name=undefined spec="gzip-js@0.3.1" args=["gzip-js@0.3.1",null]
88 verbose parsed url { pathname: 'gzip-js@0.3.1',
88 verbose parsed url   path: 'gzip-js@0.3.1',
88 verbose parsed url   href: 'gzip-js@0.3.1' }
89 silly cache add name="gzip-js" spec="0.3.1" args=["gzip-js","0.3.1"]
90 verbose parsed url { pathname: '0.3.1', path: '0.3.1', href: '0.3.1' }
91 verbose addNamed [ 'gzip-js', '0.3.1' ]
92 verbose addNamed [ '0.3.1', '0.3.1' ]
93 silly lockFile d796b247-gzip-js-0-3-1 gzip-js@0.3.1
94 verbose lock gzip-js@0.3.1 /home/vmuser/.npm/d796b247-gzip-js-0-3-1.lock
95 silly addNameRange { name: 'sqwish', range: '>=0.2.0- <0.3.0-', hasData: false }
96 silly addNameRange { name: 'csslint', range: '>=0.9.0- <0.10.0-', hasData: false }
97 verbose url raw sqwish
98 verbose url resolving [ 'https://registry.npmjs.org/', './sqwish' ]
99 verbose url resolved https://registry.npmjs.org/sqwish
100 info retry registry request attempt 1 at 15:37:58
101 verbose etag "DWPZFUXKOC3O27HQ76ZCKNMBY"
102 http GET https://registry.npmjs.org/sqwish
103 verbose url raw csslint
104 verbose url resolving [ 'https://registry.npmjs.org/', './csslint' ]
105 verbose url resolved https://registry.npmjs.org/csslint
106 info retry registry request attempt 1 at 15:37:58
107 verbose etag "EI8WK3JNQ0ZB92AJOPI2E2EJ0"
108 http GET https://registry.npmjs.org/csslint
109 verbose url raw gzip-js/0.3.1
110 verbose url resolving [ 'https://registry.npmjs.org/', './gzip-js/0.3.1' ]
111 verbose url resolved https://registry.npmjs.org/gzip-js/0.3.1
112 info retry registry request attempt 1 at 15:37:58
113 verbose etag "69DX31TH3HSJJVPOB33LYG7UQ"
114 http GET https://registry.npmjs.org/gzip-js/0.3.1
115 http 304 https://registry.npmjs.org/csslint
116 silly registry.get cb [ 304,
116 silly registry.get   { server: 'CouchDB/1.2.0 (Erlang OTP/R15B)',
116 silly registry.get     etag: '"EI8WK3JNQ0ZB92AJOPI2E2EJ0"',
116 silly registry.get     date: 'Fri, 19 Oct 2012 19:37:57 GMT',
116 silly registry.get     'content-length': '0' } ]
117 verbose etag csslint from cache
118 http 304 https://registry.npmjs.org/sqwish
119 silly registry.get cb [ 304,
119 silly registry.get   { server: 'CouchDB/1.2.0 (Erlang OTP/R15B)',
119 silly registry.get     etag: '"DWPZFUXKOC3O27HQ76ZCKNMBY"',
119 silly registry.get     date: 'Fri, 19 Oct 2012 19:37:57 GMT',
119 silly registry.get     'content-length': '0' } ]
120 verbose etag sqwish from cache
121 silly addNameRange number 2 { name: 'csslint', range: '>=0.9.0- <0.10.0-', hasData: true }
122 silly addNameRange versions [ 'csslint',
122 silly addNameRange   [ '0.1.0',
122 silly addNameRange     '0.2.0',
122 silly addNameRange     '0.3.0',
122 silly addNameRange     '0.3.1',
122 silly addNameRange     '0.3.2',
122 silly addNameRange     '0.4.0',
122 silly addNameRange     '0.5.0',
122 silly addNameRange     '0.6.0',
122 silly addNameRange     '0.6.1',
122 silly addNameRange     '0.7.0',
122 silly addNameRange     '0.8.0',
122 silly addNameRange     '0.8.1',
122 silly addNameRange     '0.8.5',
122 silly addNameRange     '0.9.0',
122 silly addNameRange     '0.9.1',
122 silly addNameRange     '0.9.2',
122 silly addNameRange     '0.9.5',
122 silly addNameRange     '0.9.6',
122 silly addNameRange     '0.9.7',
122 silly addNameRange     '0.9.8',
122 silly addNameRange     '0.9.9' ] ]
123 verbose addNamed [ 'csslint', '0.9.9' ]
124 verbose addNamed [ '0.9.9', '0.9.9' ]
125 silly lockFile cc6a2bee-csslint-0-9-9 csslint@0.9.9
126 verbose lock csslint@0.9.9 /home/vmuser/.npm/cc6a2bee-csslint-0-9-9.lock
127 verbose read json /home/vmuser/.npm/csslint/0.9.9/package/package.json
128 silly addNameRange number 2 { name: 'sqwish', range: '>=0.2.0- <0.3.0-', hasData: true }
129 silly addNameRange versions [ 'sqwish',
129 silly addNameRange   [ '0.0.1',
129 silly addNameRange     '0.0.2',
129 silly addNameRange     '0.0.3',
129 silly addNameRange     '0.0.4',
129 silly addNameRange     '0.0.5',
129 silly addNameRange     '0.0.6',
129 silly addNameRange     '0.0.7',
129 silly addNameRange     '0.0.8',
129 silly addNameRange     '0.0.9',
129 silly addNameRange     '0.1.0',
129 silly addNameRange     '0.1.1',
129 silly addNameRange     '0.1.2',
129 silly addNameRange     '0.2.0' ] ]
130 verbose addNamed [ 'sqwish', '0.2.0' ]
131 verbose addNamed [ '0.2.0', '0.2.0' ]
132 silly lockFile 5eacd0da-sqwish-0-2-0 sqwish@0.2.0
133 verbose lock sqwish@0.2.0 /home/vmuser/.npm/5eacd0da-sqwish-0-2-0.lock
134 verbose read json /home/vmuser/.npm/sqwish/0.2.0/package/package.json
135 warn package.json csslint@0.9.9 No README.md file found!
136 silly lockFile cc6a2bee-csslint-0-9-9 csslint@0.9.9
137 silly lockFile 612ad65d-csslint-0-9-x csslint@0.9.x
138 silly lockFile 5eacd0da-sqwish-0-2-0 sqwish@0.2.0
139 silly lockFile c6db44a7-sqwish-0-2-x sqwish@0.2.x
140 http 304 https://registry.npmjs.org/gzip-js/0.3.1
141 silly registry.get cb [ 304,
141 silly registry.get   { server: 'CouchDB/1.2.0 (Erlang OTP/R15B)',
141 silly registry.get     etag: '"69DX31TH3HSJJVPOB33LYG7UQ"',
141 silly registry.get     date: 'Fri, 19 Oct 2012 19:37:57 GMT',
141 silly registry.get     'content-length': '0' } ]
142 verbose etag gzip-js/0.3.1 from cache
143 verbose read json /home/vmuser/.npm/gzip-js/0.3.1/package/package.json
144 silly lockFile d796b247-gzip-js-0-3-1 gzip-js@0.3.1
145 silly resolved [ { name: 'csslint',
145 silly resolved     version: '0.9.9',
145 silly resolved     description: 'CSSLint',
145 silly resolved     author: { name: 'Nicholas C. Zakas' },
145 silly resolved     os: [ 'darwin', 'linux', 'win32' ],
145 silly resolved     contributors: [ [Object] ],
145 silly resolved     engines: { node: '>=0.2.0' },
145 silly resolved     directories: { lib: 'lib' },
145 silly resolved     main: './lib/csslint-node.js',
145 silly resolved     bin: { csslint: './cli.js' },
145 silly resolved     licenses: [ [Object] ],
145 silly resolved     repository:
145 silly resolved      { type: 'git',
145 silly resolved        url: 'http://github.com/stubbornella/csslint.git' },
145 silly resolved     _id: 'csslint@0.9.9',
145 silly resolved     readme: 'ERROR: No README.md file found!',
145 silly resolved     _from: 'csslint@0.9.x' },
145 silly resolved   { name: 'sqwish',
145 silly resolved     description: 'a tool for compressing CSS',
145 silly resolved     homepage: 'https://github.com/ded/sqwish',
145 silly resolved     version: '0.2.0',
145 silly resolved     author: { name: 'Dustin Diaz', email: '@ded' },
145 silly resolved     keywords: [ 'minify', 'css', 'compress' ],
145 silly resolved     main: 'src/index.js',
145 silly resolved     engines: { node: '>= 0.4.1' },
145 silly resolved     directories: { lib: 'src', bin: 'bin' },
145 silly resolved     devDependencies: { 'sink-test': '>= 0.0.6' },
145 silly resolved     scripts: { test: 'node tests/tests.js' },
145 silly resolved     preferGlobal: true,
145 silly resolved     bin: { sqwish: 'bin/sqwish' },
145 silly resolved     readme: 'Welcome to Sqwish\n----------\nA [Node](http://nodejs.org) based CSS Compressor. It works like this.\n\n    require(\'sqwish\').minify(\'body { color: #ff33cc; }\');\n    // =>\n    body{color:#f3c}\n\nCLI\n---\nInstall it.\n\n    $ npm install sqwish\n\nUse it like this:\n\n    $ sqwish app.css # default output is <file>.min.css therefore app.css => app.min.css\n    $ # or...\n    $ sqwish css/styles.css -o prod/something-else.min.css\n\nNotes\n-------\nSqwish does not attempt to fix invalid CSS, therefore, at minimum, your CSS should at least follow the basic rules:\n\n    selectors[,more selectors] {\n      property: value;\n      another-property: another value;\n    }\n\nStrict Optimizations\n----------\nAside from regular minification, in <code>--strict</code> mode Sqwish will combine duplicate selectors and merge duplicate properties.\n\n``` css\n/* before */\ndiv {\n  color: orange;\n  background: red;\n}\ndiv {\n  color: #ff33cc;\n  margin: 1px 0px 1px 0px;\n}\n\n/* after */\ndiv{color:#f3c;background:red;margin:1px 0}\n```\n\nThis mode can be enabled as so:\n\n    sqwish.minify(css, true);\n\non the command line\n\n    $ sqwish styles.css --strict\n\nDevelopers\n----------\nBe sure you have the proper testing harness set up ahead of time by installing the <code>sink-test</code> submodule\n\n    $ npm install --dev\n\nTests can be added in <code>tests/tests.js</code>, and then run as such:\n\n    $ npm test\n\nLicense\n-------\nSqwish is copyright Dustin Diaz 2011 under MIT License\n\n**Happy Sqwishing!**',
145 silly resolved     _id: 'sqwish@0.2.0',
145 silly resolved     _from: 'sqwish@0.2.x' },
145 silly resolved   { author:
145 silly resolved      { name: 'T. Jameson Little',
145 silly resolved        email: 't.jameson.little@gmail.com' },
145 silly resolved     name: 'gzip-js',
145 silly resolved     description: 'GZIP in pure JavaScript (works in the browser)',
145 silly resolved     version: '0.3.1',
145 silly resolved     repository: { type: 'git', url: 'git://github.com/beatgammit/gzip-js.git' },
145 silly resolved     main: './lib/gzip.js',
145 silly resolved     bin: { 'gzip-js': './bin/gzip.js', 'gunzip-js': './bin/gunzip.js' },
145 silly resolved     scripts: { test: 'cd test; ./runner.py; cd -' },
145 silly resolved     engines: { node: '>= 0.4.0' },
145 silly resolved     dependencies: { crc32: '>= 0.2.2', 'deflate-js': '>= 0.2.2' },
145 silly resolved     devDependencies: { optimist: '~0.2' },
145 silly resolved     readme: 'Intro\n=====\n\n*gzip-js* is a pure JavaScript implementation of the GZIP file format. It uses the DEFLATE algorithm for compressing data.\n\nPlease note that since this is a pure JavaScript implementation, it should NOT be used on the server for production code. It also does not comply 100% with the standard, yet.\n\nThe main goal of this project is to bring GZIP compression to the browser.\n\nAPI\n===\n\nThere is only one function so far, zip:\n\nfunction zip(data[, options])\n \n* data- String of text or byte array to compress\n* options- object with options; options include:\n  * level- compression level (1-9); default 6\n  * timestamp- UNIX timestamp (seconds); if omitted, the current time will be used\n  * name- optional; original name of the file\n\nSample usage:\n\n    var gzip = require(\'gzip-js\'),\n\t\toptions = {\n\t\t\tlevel: 3,\n\t\t\tname: \'hello-world.txt\',\n\t\t\ttimestamp: parseInt(Date.now() / 1000, 10)\n\t\t};\n\n\t// out will be a JavaScript Array of bytes\n\tvar out = gzip.zip(\'Hello world\', options);\n',
145 silly resolved     _id: 'gzip-js@0.3.1',
145 silly resolved     _from: 'gzip-js@0.3.1' } ]
146 info install csslint@0.9.9 into /mnt/share/source/bseth99/jquery-ui/node_modules/grunt-css
147 info install sqwish@0.2.0 into /mnt/share/source/bseth99/jquery-ui/node_modules/grunt-css
148 info install gzip-js@0.3.1 into /mnt/share/source/bseth99/jquery-ui/node_modules/grunt-css
149 info installOne csslint@0.9.9
150 info installOne sqwish@0.2.0
151 info installOne gzip-js@0.3.1
152 verbose from cache /home/vmuser/.npm/sqwish/0.2.0/package/package.json
153 info /mnt/share/source/bseth99/jquery-ui/node_modules/grunt-css/node_modules/sqwish unbuild
154 verbose read json /mnt/share/source/bseth99/jquery-ui/node_modules/grunt-css/node_modules/sqwish/package.json
155 verbose from cache /home/vmuser/.npm/gzip-js/0.3.1/package/package.json
156 info /mnt/share/source/bseth99/jquery-ui/node_modules/grunt-css/node_modules/gzip-js unbuild
157 verbose read json /mnt/share/source/bseth99/jquery-ui/node_modules/grunt-css/node_modules/gzip-js/package.json
158 verbose from cache /home/vmuser/.npm/csslint/0.9.9/package/package.json
159 info /mnt/share/source/bseth99/jquery-ui/node_modules/grunt-css/node_modules/csslint unbuild
160 verbose read json /mnt/share/source/bseth99/jquery-ui/node_modules/grunt-css/node_modules/csslint/package.json
161 verbose tar unpack /home/vmuser/.npm/gzip-js/0.3.1/package.tgz
162 verbose tar unpack /home/vmuser/.npm/sqwish/0.2.0/package.tgz
163 verbose tar unpack /home/vmuser/.npm/csslint/0.9.9/package.tgz
164 silly lockFile fb8419c0-s-grunt-css-node-modules-gzip-js /mnt/share/source/bseth99/jquery-ui/node_modules/grunt-css/node_modules/gzip-js
165 verbose lock /mnt/share/source/bseth99/jquery-ui/node_modules/grunt-css/node_modules/gzip-js /home/vmuser/.npm/fb8419c0-s-grunt-css-node-modules-gzip-js.lock
166 silly lockFile 6a9ab2b4-es-grunt-css-node-modules-sqwish /mnt/share/source/bseth99/jquery-ui/node_modules/grunt-css/node_modules/sqwish
167 verbose lock /mnt/share/source/bseth99/jquery-ui/node_modules/grunt-css/node_modules/sqwish /home/vmuser/.npm/6a9ab2b4-es-grunt-css-node-modules-sqwish.lock
168 silly lockFile d56c2396-s-grunt-css-node-modules-csslint /mnt/share/source/bseth99/jquery-ui/node_modules/grunt-css/node_modules/csslint
169 verbose lock /mnt/share/source/bseth99/jquery-ui/node_modules/grunt-css/node_modules/csslint /home/vmuser/.npm/d56c2396-s-grunt-css-node-modules-csslint.lock
170 silly gunzTarPerm modes [ '777', '666' ]
171 silly gunzTarPerm modes [ '777', '666' ]
172 silly gunzTarPerm modes [ '777', '666' ]
173 silly gunzTarPerm extractEntry package.json
174 silly gunzTarPerm extractEntry package.json
175 silly gunzTarPerm extractEntry package.json
176 silly gunzTarPerm extractEntry .npmignore
177 silly gunzTarPerm extractEntry README.md
178 silly gunzTarPerm extractEntry .npmignore
179 silly gunzTarPerm extractEntry README.md
180 silly gunzTarPerm extractEntry cli.js
181 silly gunzTarPerm extractEntry lib/csslint-node.js
182 silly gunzTarPerm extractEntry tests/tests.js
183 silly gunzTarPerm extractEntry bin/sqwish
184 silly gunzTarPerm extractEntry bin/gzip.js
185 silly gunzTarPerm extractEntry bin/gunzip.js
186 silly gunzTarPerm extractEntry example/styles.css
187 silly gunzTarPerm extractEntry example/styles.min.css
188 silly gunzTarPerm extractEntry Makefile
189 silly gunzTarPerm extractEntry test/test.txt
190 silly gunzTarPerm extractEntry test/zipTest.py
191 silly gunzTarPerm extractEntry src/index.js
192 silly gunzTarPerm extractEntry test/runner.py
193 silly gunzTarPerm extractEntry test/helpers.py
194 silly gunzTarPerm extractEntry test/test-files/spec.txt
195 silly gunzTarPerm extractEntry test/test-files/hello-world.txt
196 silly gunzTarPerm extractEntry test/unzipTest.py
197 silly gunzTarPerm extractEntry lib/gzip.js
198 verbose read json /mnt/share/source/bseth99/jquery-ui/node_modules/grunt-css/node_modules/sqwish/package.json
199 silly lockFile 6a9ab2b4-es-grunt-css-node-modules-sqwish /mnt/share/source/bseth99/jquery-ui/node_modules/grunt-css/node_modules/sqwish
200 info preinstall sqwish@0.2.0
201 verbose from cache /mnt/share/source/bseth99/jquery-ui/node_modules/grunt-css/node_modules/sqwish/package.json
202 verbose readDependencies using package.json deps
203 verbose from cache /mnt/share/source/bseth99/jquery-ui/node_modules/grunt-css/node_modules/sqwish/package.json
204 verbose readDependencies using package.json deps
205 silly resolved []
206 verbose about to build /mnt/share/source/bseth99/jquery-ui/node_modules/grunt-css/node_modules/sqwish
207 info build /mnt/share/source/bseth99/jquery-ui/node_modules/grunt-css/node_modules/sqwish
208 verbose from cache /mnt/share/source/bseth99/jquery-ui/node_modules/grunt-css/node_modules/sqwish/package.json
209 verbose linkStuff [ false,
209 verbose linkStuff   false,
209 verbose linkStuff   false,
209 verbose linkStuff   '/mnt/share/source/bseth99/jquery-ui/node_modules/grunt-css/node_modules' ]
210 info linkStuff sqwish@0.2.0
211 verbose linkBins sqwish@0.2.0
212 verbose link bins [ { sqwish: 'bin/sqwish' },
212 verbose link bins   '/mnt/share/source/bseth99/jquery-ui/node_modules/grunt-css/node_modules/.bin',
212 verbose link bins   false ]
213 verbose linkMans sqwish@0.2.0
214 verbose rebuildBundles sqwish@0.2.0
215 info /mnt/share/source/bseth99/jquery-ui/node_modules/grunt-css/node_modules/sqwish unbuild
216 verbose from cache /mnt/share/source/bseth99/jquery-ui/node_modules/grunt-css/node_modules/sqwish/package.json
217 verbose read json /mnt/share/source/bseth99/jquery-ui/node_modules/grunt-css/node_modules/gzip-js/package.json
218 silly lockFile fb8419c0-s-grunt-css-node-modules-gzip-js /mnt/share/source/bseth99/jquery-ui/node_modules/grunt-css/node_modules/gzip-js
219 info preinstall gzip-js@0.3.1
220 verbose from cache /mnt/share/source/bseth99/jquery-ui/node_modules/grunt-css/node_modules/gzip-js/package.json
221 info preuninstall sqwish@0.2.0
222 verbose readDependencies using package.json deps
223 verbose from cache /mnt/share/source/bseth99/jquery-ui/node_modules/grunt-css/node_modules/gzip-js/package.json
224 info uninstall sqwish@0.2.0
225 verbose false,/mnt/share/source/bseth99/jquery-ui/node_modules,/mnt/share/source/bseth99/jquery-ui/node_modules/grunt-css/node_modules unbuild sqwish@0.2.0
226 verbose /mnt/share/source/bseth99/jquery-ui/node_modules/grunt-css/node_modules/.bin,[object Object] binRoot
227 info postuninstall sqwish@0.2.0
228 verbose about to build /mnt/share/source/bseth99/jquery-ui/node_modules/grunt-css
229 info /mnt/share/source/bseth99/jquery-ui/node_modules/grunt-css unbuild
230 verbose from cache /mnt/share/source/bseth99/jquery-ui/node_modules/grunt-css/package.json
231 verbose readDependencies using package.json deps
232 info preuninstall grunt-css@0.3.1
233 verbose cache add [ 'crc32@>= 0.2.2', null ]
234 silly cache add name=undefined spec="crc32@>= 0.2.2" args=["crc32@>= 0.2.2",null]
235 verbose parsed url { pathname: 'crc32@%3E=%200.2.2',
235 verbose parsed url   path: 'crc32@%3E=%200.2.2',
235 verbose parsed url   href: 'crc32@%3E=%200.2.2' }
236 silly cache add name="crc32" spec=">= 0.2.2" args=["crc32",">= 0.2.2"]
237 verbose parsed url { pathname: '%3E=%200.2.2',
237 verbose parsed url   path: '%3E=%200.2.2',
237 verbose parsed url   href: '%3E=%200.2.2' }
238 verbose addNamed [ 'crc32', '>= 0.2.2' ]
239 verbose addNamed [ null, '>=0.2.2' ]
240 silly lockFile c48b0174-crc32-0-2-2 crc32@>= 0.2.2
241 verbose lock crc32@>= 0.2.2 /home/vmuser/.npm/c48b0174-crc32-0-2-2.lock
242 verbose cache add [ 'deflate-js@>= 0.2.2', null ]
243 silly cache add name=undefined spec="deflate-js@>= 0.2.2" args=["deflate-js@>= 0.2.2",null]
244 verbose parsed url { pathname: 'deflate-js@%3E=%200.2.2',
244 verbose parsed url   path: 'deflate-js@%3E=%200.2.2',
244 verbose parsed url   href: 'deflate-js@%3E=%200.2.2' }
245 silly cache add name="deflate-js" spec=">= 0.2.2" args=["deflate-js",">= 0.2.2"]
246 verbose parsed url { pathname: '%3E=%200.2.2',
246 verbose parsed url   path: '%3E=%200.2.2',
246 verbose parsed url   href: '%3E=%200.2.2' }
247 verbose addNamed [ 'deflate-js', '>= 0.2.2' ]
248 verbose addNamed [ null, '>=0.2.2' ]
249 silly lockFile 8a39b96c-deflate-js-0-2-2 deflate-js@>= 0.2.2
250 verbose lock deflate-js@>= 0.2.2 /home/vmuser/.npm/8a39b96c-deflate-js-0-2-2.lock
251 silly addNameRange { name: 'crc32', range: '>=0.2.2', hasData: false }
252 silly addNameRange { name: 'deflate-js', range: '>=0.2.2', hasData: false }
253 verbose url raw crc32
254 verbose url resolving [ 'https://registry.npmjs.org/', './crc32' ]
255 verbose url resolved https://registry.npmjs.org/crc32
256 info retry registry request attempt 1 at 15:38:02
257 verbose etag "8NJZAI95TX7KJXXOPHV9AKXWW"
258 http GET https://registry.npmjs.org/crc32
259 verbose url raw deflate-js
260 verbose url resolving [ 'https://registry.npmjs.org/', './deflate-js' ]
261 verbose url resolved https://registry.npmjs.org/deflate-js
262 info retry registry request attempt 1 at 15:38:02
263 verbose etag "6RBWEWDZMVOTW3ED48Z1KGHYU"
264 http GET https://registry.npmjs.org/deflate-js
265 info uninstall grunt-css@0.3.1
266 verbose true,/mnt/share/source/bseth99/jquery-ui/node_modules,/mnt/share/source/bseth99/jquery-ui/node_modules unbuild grunt-css@0.3.1
267 info postuninstall grunt-css@0.3.1
268 error error rolling back Error: UNKNOWN, unlink '/mnt/share/source/bseth99/jquery-ui/node_modules/grunt-css/node_modules/csslint/lib/csslint-node.js'
268 error error rolling back  grunt-css@0.3.1 { [Error: UNKNOWN, unlink '/mnt/share/source/bseth99/jquery-ui/node_modules/grunt-css/node_modules/csslint/lib/csslint-node.js']
268 error error rolling back   errno: -1,
268 error error rolling back   code: 'UNKNOWN',
268 error error rolling back   path: '/mnt/share/source/bseth99/jquery-ui/node_modules/grunt-css/node_modules/csslint/lib/csslint-node.js' }
269 error Error: EPERM, symlink '../sqwish/bin/sqwish'
269 error  { [Error: EPERM, symlink '../sqwish/bin/sqwish'] errno: 50, code: 'EPERM', path: '../sqwish/bin/sqwish' }
270 error Please try running this command again as root/Administrator.
271 error System Linux 2.6.32-5-686
272 error command "/usr/local/bin/node" "/usr/local/bin/npm" "install" "grunt-css"
273 error cwd /mnt/share/source/bseth99/jquery-ui
274 error node -v v0.8.8
275 error npm -v 1.1.59
276 error path ../sqwish/bin/sqwish
277 error code EPERM
278 error errno 50
279 error stack Error: EPERM, symlink '../sqwish/bin/sqwish'
280 verbose exit [ 50, true ]
